Arguments: 
  C:\Program Files\nodejs\node.exe C:\Users\patric\AppData\Roaming\npm\node_modules\yarn\bin\yarn.js install

PATH: 
  C:\WINDOWS\system32;C:\WINDOWS;C:\WINDOWS\System32\Wbem;C:\WINDOWS\System32\WindowsPowerShell\v1.0\;C:\WINDOWS\System32\OpenSSH\;C:\Program Files\Git\cmd;C:\Program Files\nodejs\;C:\Users\patric\AppData\Local\Programs\Python\Python38-32\Scripts\;C:\Users\patric\AppData\Local\Programs\Python\Python38-32\;C:\Users\patric\AppData\Local\Microsoft\WindowsApps;;C:\Users\patric\AppData\Local\Programs\Microsoft VS Code\bin;C:\Users\patric\AppData\Roaming\npm

Yarn version: 
  1.22.5

Node version: 
  12.18.4

Platform: 
  win32 x64

Trace: 
  Error: https://registry.yarnpkg.com/@material-ui/icons/-/icons-4.9.1.tgz: ESOCKETTIMEDOUT
      at ClientRequest.<anonymous> (C:\Users\patric\AppData\Roaming\npm\node_modules\yarn\lib\cli.js:141289:19)
      at Object.onceWrapper (events.js:421:28)
      at ClientRequest.emit (events.js:315:20)
      at TLSSocket.emitRequestTimeout (_http_client.js:709:9)
      at Object.onceWrapper (events.js:421:28)
      at TLSSocket.emit (events.js:327:22)
      at TLSSocket.Socket._onTimeout (net.js:482:8)
      at listOnTimeout (internal/timers.js:549:17)
      at processTimers (internal/timers.js:492:7)

npm manifest: 
  {
    "name": "oc-voltec",
    "version": "0.1.0",
    "private": true,
    "dependencies": {
      "@emotion/core": "^10.0.28",
      "@material-ui/core": "^4.9.10",
      "@material-ui/icons": "^4.9.1",
      "@material-ui/lab": "^4.0.0-alpha.56",
      "@testing-library/jest-dom": "^4.2.4",
      "@testing-library/react": "^9.4.1",
      "@testing-library/user-event": "^7.2.1",
      "axios": "^0.19.2",
      "date-fns": "^2.14.0",
      "express": "^4.17.1",
      "jsonwebtoken": "^8.5.1",
      "moment": "^2.27.0",
      "normalize.css": "^8.0.1",
      "path": "^0.12.7",
      "react": "^16.12.0",
      "react-compound-timer": "^1.1.15",
      "react-dom": "^16.12.0",
      "react-infinite-scroller": "^1.2.4",
      "react-moment": "^0.9.7",
      "react-pull-to-refresh": "^1.1.2",
      "react-router-dom": "^5.1.2",
      "react-scripts": "3.4.0",
      "react-spinners": "^0.8.3",
      "react-timer-hook": "^2.0.2",
      "react-window": "^1.8.5"
    },
    "scripts": {
      "start": "react-scripts start",
      "build": "CI= react-scripts build",
      "test": "react-scripts test",
      "eject": "react-scripts eject"
    },
    "eslintConfig": {
      "extends": "react-app"
    },
    "browserslist": {
      "production": [
        ">0.2%",
        "not dead",
        "not op_mini all"
      ],
      "development": [
        "last 1 chrome version",
        "last 1 firefox version",
        "last 1 safari version"
      ]
    },
    "devDependencies": {
      "eslint": "^6.8.0",
      "eslint-config-airbnb": "^18.1.0",
      "eslint-plugin-import": "^2.20.2",
      "eslint-plugin-jsx-a11y": "^6.2.3",
      "eslint-plugin-react": "^7.20.0",
      "eslint-plugin-react-hooks": "^2.5.1"
    }
  }

yarn manifest: 
  No manifest

Lockfile: 
  No lockfile
